  Bullet.cpp
  Camera.cpp
  Controls.cpp
  Cube.cpp
Cube.cpp(88): warning C4129: 'T': unrecognized character escape sequence
  main.cpp
main.cpp(46): warning C4244: '=': conversion from 'double' to 'float', possible loss of data
  PS4.cpp
PS4.cpp(2): warning C4081: expected 'newline'; found ';'
  ShaderLoader.cpp
SOIL.lib(SOIL.obj) : warning LNK4075: ignoring '/EDITANDCONTINUE' due to '/OPT:ICF' specification
LINK : warning LNK4098: defaultlib 'MSVCRTD' conflicts with use of other libs; use /NODEFAULTLIB:library
  Generating code
  All 371 functions were compiled because no usable IPDB/IOBJ from previous compilation was found.
  Finished generating code
SOIL.lib(image_DXT.obj) : warning LNK4099: PDB 'Win32Project1.pdb' was not found with 'SOIL.lib(image_DXT.obj)' or at 'C:\Users\David\Desktop\TEST\Release\Win32Project1.pdb'; linking object as if no debug info
SOIL.lib(image_helper.obj) : warning LNK4099: PDB 'Win32Project1.pdb' was not found with 'SOIL.lib(image_helper.obj)' or at 'C:\Users\David\Desktop\TEST\Release\Win32Project1.pdb'; linking object as if no debug info
SOIL.lib(SOIL.obj) : warning LNK4099: PDB 'Win32Project1.pdb' was not found with 'SOIL.lib(SOIL.obj)' or at 'C:\Users\David\Desktop\TEST\Release\Win32Project1.pdb'; linking object as if no debug info
SOIL.lib(stb_image_aug.obj) : warning LNK4099: PDB 'Win32Project1.pdb' was not found with 'SOIL.lib(stb_image_aug.obj)' or at 'C:\Users\David\Desktop\TEST\Release\Win32Project1.pdb'; linking object as if no debug info
  Framework.vcxproj -> C:\Users\David\Desktop\TEST\Release\Framework.exe
  Framework.vcxproj -> C:\Users\David\Desktop\TEST\Release\Framework.pdb (Full PDB)
